Arguments: 
  C:\Program Files\nodejs\node.exe C:\Users\16404\AppData\Roaming\npm\node_modules\yarn\bin\yarn.js

PATH: 
  C:\Users\16404\AppData\Roaming\npm;C:\Program Files (x86)\Common Files\Oracle\Java\javapath;C:\jdk\bin;C:\jdk\jre\bin;C:\Program Files\MongoDB\Server\4.2\bin;C:\Windows\system32;C:\Windows;C:\Windows\System32\Wbem;C:\Windows\System32\WindowsPowerShell\v1.0\;C:\Windows\System32\OpenSSH\;C:\Program Files (x86)\NVIDIA Corporation\PhysX\Common;C:\Program Files\NVIDIA Corporation\NVIDIA NGX;C:\Program Files\NVIDIA Corporation\NVIDIA NvDLISR;C:\WINDOWS\system32;C:\WINDOWS;C:\WINDOWS\System32\Wbem;C:\WINDOWS\System32\WindowsPowerShell\v1.0\;C:\WINDOWS\System32\OpenSSH\;:C:\Program Files\mysql-8.0.19-winx64\bin;C:\Program Files\nodejs\;C:\ProgramData\chocolatey\bin;C:\Users\16404\AppData\Local\Programs\Python\Python38\Scripts\;C:\Users\16404\AppData\Local\Programs\Python\Python38\;C:\Users\16404\AppData\Local\Microsoft\WindowsApps;C:\Users\16404\AppData\Local\Programs\Microsoft VS Code\bin;C:\Users\16404\AppData\Roaming\npm;C:\Users\16404\.deno\bin

Yarn version: 
  1.22.4

Node version: 
  14.8.0

Platform: 
  win32 x64

Trace: 
  Error: EPERM: operation not permitted, unlink 'E:\wo\MYCODE\zeng\zeng-test\balloon\cloud\functions\update\node_modules\tough-cookie\node_modules\punycode'

npm manifest: 
  {
    "name": "update",
    "version": "1.0.0",
    "description": "",
    "main": "index.js",
    "scripts": {
      "test": "echo \"Error: no test specified\" && exit 1"
    },
    "author": "",
    "license": "ISC",
    "dependencies": {
      "wx-server-sdk": "~2.3.2"
    }
  }

yarn manifest: 
  No manifest

Lockfile: 
  No lockfile
